<?xml version="1.0" encoding="UTF-8"?>
<!-- Generated by org.testng.reporters.JUnitReportReporter -->
<testsuite hostname="Ashwins-MacBook-Air.local" failures="0" tests="2" name="org.rahulshettyacademy.com.eCommerce_tc_1" time="14.907" errors="0" timestamp="17 Jul 2024 11:33:25 GMT" skipped="0">
  <testcase classname="org.rahulshettyacademy.com.eCommerce_tc_1" name="bloginError" time="5.268"/>
  <testcase classname="org.rahulshettyacademy.com.eCommerce_tc_1" name="alogin" time="9.639"/>
</testsuite> <!-- org.rahulshettyacademy.com.eCommerce_tc_1 -->
