<?xml version="1.0" encoding="UTF-8"?>
<!-- Generated by org.testng.reporters.JUnitReportReporter -->
<testsuite hostname="Ashwins-MacBook-Air.local" failures="0" tests="2" name="org.rahulshettyacademy.com.eCommerce_tc_2" time="16.724" errors="0" timestamp="17 Jul 2024 11:28:31 GMT" skipped="0">
  <testcase classname="org.rahulshettyacademy.com.eCommerce_tc_2" name="clogin" time="11.526"/>
  <testcase classname="org.rahulshettyacademy.com.eCommerce_tc_2" name="clogin" time="5.198"/>
</testsuite> <!-- org.rahulshettyacademy.com.eCommerce_tc_2 -->
