<?xml version="1.0" encoding="UTF-8"?>
<!-- Generated by org.testng.reporters.JUnitReportReporter -->
<testsuite hostname="Ashwins-MacBook-Air.local" failures="0" tests="4" name="org.rahulshettyacademy.com.IOSBasics" time="29.895" errors="0" timestamp="17 Jul 2024 13:32:23 GMT" skipped="0">
  <testcase classname="org.rahulshettyacademy.com.IOSBasics" name="IOSScroll" time="3.327"/>
  <testcase classname="org.rahulshettyacademy.com.IOSBasics" name="IOSScrollDown" time="12.198"/>
  <testcase classname="org.rahulshettyacademy.com.IOSBasics" name="IOSBasicTest" time="6.871"/>
  <testcase classname="org.rahulshettyacademy.com.IOSBasics" name="IOSLongPress" time="7.499"/>
</testsuite> <!-- org.rahulshettyacademy.com.IOSBasics -->
