<?xml version="1.0" encoding="UTF-8"?>
<!-- Generated by org.testng.reporters.JUnitReportReporter -->
<testsuite hostname="Ashwins-MacBook-Air.local" failures="0" tests="2" name="org.rahulshettyacademy.com.eCommerce_tc_1" time="16.096" errors="0" timestamp="17 Jul 2024 13:32:23 GMT" skipped="0">
  <testcase classname="org.rahulshettyacademy.com.eCommerce_tc_1" name="bloginError" time="5.839"/>
  <testcase classname="org.rahulshettyacademy.com.eCommerce_tc_1" name="alogin" time="10.257"/>
</testsuite> <!-- org.rahulshettyacademy.com.eCommerce_tc_1 -->
